<?xml version="1.0" encoding="UTF-8"?>
<!-- Generated by org.testng.reporters.JUnitReportReporter -->
<testsuite hostname="Ilzat-PC" name="testCases.VerifyLoginPageWithReport" tests="1" failures="0" timestamp="16 Jun 2017 04:20:36 GMT" time="11.527" errors="0">
  <testcase name="testHomePage" time="11.527" classname="testCases.VerifyLoginPageWithReport"/>
</testsuite> <!-- testCases.VerifyLoginPageWithReport -->
