<?xml version="1.0" encoding="UTF-8"?>
<!-- Generated by org.testng.reporters.JUnitReportReporter -->
<testsuite hostname="Ilzat-PC" name="testCases.VerifyHomePage" tests="1" failures="0" timestamp="16 Jun 2017 06:36:57 GMT" time="6.599" errors="0">
  <testcase name="testHomePage" time="6.599" classname="testCases.VerifyHomePage"/>
</testsuite> <!-- testCases.VerifyHomePage -->
