<?xml version="1.0" encoding="UTF-8"?>
<!-- Generated by org.testng.reporters.JUnitReportReporter -->
<testsuite hostname="Ilzat-PC" name="testCases.VerifyLoginPage" tests="1" failures="0" timestamp="16 Jun 2017 06:36:57 GMT" time="12.059" errors="0">
  <testcase name="testHomePage" time="12.059" classname="testCases.VerifyLoginPage"/>
</testsuite> <!-- testCases.VerifyLoginPage -->
